2026-07-15T16:54:20Z INF Thank you for trying Cloudflare Tunnel. Doing so, without a Cloudflare account, is a quick way to experiment and try it out. However, be aware that these account-less Tunnels have no uptime guarantee, are subject to the Cloudflare Online Services Terms of Use (https://www.cloudflare.com/website-terms/), and Cloudflare reserves the right to investigate your use of Tunnels for violations of such terms. If you intend to use Tunnels in production you should use a pre-created named tunnel by following: https://developers.cloudflare.com/cloudflare-one/connections/connect-apps
2026-07-15T16:54:20Z INF Requesting new quick Tunnel on trycloudflare.com...
2026-07-15T16:54:26Z INF +--------------------------------------------------------------------------------------------+
2026-07-15T16:54:26Z INF |  Your quick Tunnel has been created! Visit it at (it may take some time to be reachable):  |
2026-07-15T16:54:26Z INF |  https://affordable-maintenance-july-performance.trycloudflare.com                         |
2026-07-15T16:54:26Z INF +--------------------------------------------------------------------------------------------+
2026-07-15T16:54:26Z INF Cannot determine default configuration path. No file [config.yml config.yaml] in [~/.cloudflared ~/.cloudflare-warp ~/cloudflare-warp /etc/cloudflared /usr/local/etc/cloudflared]
2026-07-15T16:54:26Z INF Version 2026.7.1 (Checksum 714575351b800cac49688ad248f96b45f5cc0c4d7503de45669190fbfd0d216e)
2026-07-15T16:54:26Z INF GOOS: darwin, GOVersion: go1.26.5, GoArch: arm64
2026-07-15T16:54:26Z INF Settings: map[ha-connections:1 protocol:quic url:http://localhost:8000]
2026-07-15T16:54:26Z INF cloudflared will not automatically update if installed by a package manager.
2026-07-15T16:54:26Z INF Generated Connector ID: f38ee7f4-8909-42cf-bfe3-a087cb0765c1
2026-07-15T16:54:26Z INF Initial protocol quic
2026-07-15T16:54:26Z INF ICMP proxy will use 192.168.0.12 as source for IPv4
2026-07-15T16:54:26Z INF ICMP proxy will use fe80::86f:3e9:7d03:b583 in zone en0 as source for IPv6
2026-07-15T16:54:26Z INF Created ICMP proxy listening on 192.168.0.12:0
2026-07-15T16:54:26Z INF ICMP proxy will use 192.168.0.12 as source for IPv4
2026-07-15T16:54:26Z INF ICMP proxy will use fe80::86f:3e9:7d03:b583 in zone en0 as source for IPv6
2026-07-15T16:54:26Z INF Starting metrics server on 127.0.0.1:20241/metrics
2026-07-15T16:54:26Z INF Tunnel connection curve preferences: [X25519MLKEM768 CurveID(65074) CurveP256] connIndex=0 event=0 ip=2606:4700:a8::2
2026-07-15T16:54:26Z INF +-------------------------------------------------------------------------------------+
2026-07-15T16:54:26Z INF |                               CONNECTIVITY PRE-CHECKS                               |
2026-07-15T16:54:26Z INF +-------------------------------------------------------------------------------------+
2026-07-15T16:54:26Z INF |  COMPONENT         TARGET                     STATUS  DETAILS                       |
2026-07-15T16:54:26Z INF |  DNS Resolution    region1.v2.argotunnel.com  PASS    DNS Resolved successfully     |
2026-07-15T16:54:26Z INF |  DNS Resolution    region2.v2.argotunnel.com  PASS    DNS Resolved successfully     |
2026-07-15T16:54:26Z INF |  UDP Connectivity  region1.v2.argotunnel.com  PASS    QUIC connection successful    |
2026-07-15T16:54:26Z INF |  UDP Connectivity  region2.v2.argotunnel.com  PASS    QUIC connection successful    |
2026-07-15T16:54:26Z INF |  TCP Connectivity  region1.v2.argotunnel.com  PASS    HTTP/2 connection successful  |
2026-07-15T16:54:26Z INF |  TCP Connectivity  region2.v2.argotunnel.com  PASS    HTTP/2 connection successful  |
2026-07-15T16:54:26Z INF |  Cloudflare API    api.cloudflare.com:443     PASS    API is reachable              |
2026-07-15T16:54:26Z INF |                                                                                     |
2026-07-15T16:54:26Z INF |  SUMMARY: Environment is healthy. cloudflared will use 'quic' as primary protocol.  |
2026-07-15T16:54:26Z INF +-------------------------------------------------------------------------------------+
2026-07-15T16:54:26Z INF precheck component="DNS Resolution" details="DNS Resolved successfully" run_id=b5845a7d-1735-4b1a-a8f6-dc99eef53963 status=pass target=region1.v2.argotunnel.com
2026-07-15T16:54:26Z INF precheck component="DNS Resolution" details="DNS Resolved successfully" run_id=b5845a7d-1735-4b1a-a8f6-dc99eef53963 status=pass target=region2.v2.argotunnel.com
2026-07-15T16:54:26Z INF precheck component="UDP Connectivity" details="QUIC connection successful" run_id=b5845a7d-1735-4b1a-a8f6-dc99eef53963 status=pass target=region1.v2.argotunnel.com
2026-07-15T16:54:26Z INF precheck component="UDP Connectivity" details="QUIC connection successful" run_id=b5845a7d-1735-4b1a-a8f6-dc99eef53963 status=pass target=region2.v2.argotunnel.com
2026-07-15T16:54:26Z INF precheck component="TCP Connectivity" details="HTTP/2 connection successful" run_id=b5845a7d-1735-4b1a-a8f6-dc99eef53963 status=pass target=region1.v2.argotunnel.com
2026-07-15T16:54:26Z INF precheck component="TCP Connectivity" details="HTTP/2 connection successful" run_id=b5845a7d-1735-4b1a-a8f6-dc99eef53963 status=pass target=region2.v2.argotunnel.com
2026-07-15T16:54:26Z INF precheck component="Cloudflare API" details="API is reachable" run_id=b5845a7d-1735-4b1a-a8f6-dc99eef53963 status=pass target=api.cloudflare.com:443
2026-07-15T16:54:26Z INF precheck complete hard_fail=false run_id=b5845a7d-1735-4b1a-a8f6-dc99eef53963 suggested_protocol=quic
2026-07-15T16:54:27Z INF Registered tunnel connection connIndex=0 connection=f3c01a71-ee94-4cb1-aa18-2c7717e40348 event=0 ip=2606:4700:a8::2 location=bom12 protocol=quic
2026-07-15T16:54:37Z INF Initiating graceful shutdown due to signal terminated ...
2026-07-15T16:54:37Z ERR failed to run the datagram handler error="Application error 0x0 (remote)" connIndex=0 event=0 ip=2606:4700:a8::2
2026-07-15T16:54:37Z ERR failed to serve tunnel connection error="accept stream listener encountered a failure while serving" connIndex=0 event=0 ip=2606:4700:a8::2
2026-07-15T16:54:37Z ERR Serve tunnel error error="accept stream listener encountered a failure while serving" connIndex=0 event=0 ip=2606:4700:a8::2
2026-07-15T16:54:37Z INF Retrying connection in up to 1s connIndex=0 event=0 ip=2606:4700:a8::2
2026-07-15T16:54:37Z ERR Connection terminated connIndex=0
2026-07-15T16:54:37Z ERR no more connections active and exiting
2026-07-15T16:54:37Z INF Tunnel server stopped
2026-07-15T16:54:37Z INF Metrics server stopped
