INFO:     Started server process [33075]
INFO:     Waiting for application startup.
2026-07-15 22:24:17,128 INFO sqlalchemy.engine.Engine BEGIN (implicit)
2026-07-15 22:24:17,128 INFO sqlalchemy.engine.Engine PRAGMA main.table_info("users")
2026-07-15 22:24:17,128 INFO sqlalchemy.engine.Engine [raw sql] ()
2026-07-15 22:24:17,129 INFO sqlalchemy.engine.Engine PRAGMA main.table_info("organizations")
2026-07-15 22:24:17,129 INFO sqlalchemy.engine.Engine [raw sql] ()
2026-07-15 22:24:17,129 INFO sqlalchemy.engine.Engine PRAGMA main.table_info("api_keys")
2026-07-15 22:24:17,129 INFO sqlalchemy.engine.Engine [raw sql] ()
2026-07-15 22:24:17,129 INFO sqlalchemy.engine.Engine PRAGMA main.table_info("api_usage")
2026-07-15 22:24:17,129 INFO sqlalchemy.engine.Engine [raw sql] ()
2026-07-15 22:24:17,129 INFO sqlalchemy.engine.Engine PRAGMA main.table_info("verification_logs")
2026-07-15 22:24:17,129 INFO sqlalchemy.engine.Engine [raw sql] ()
2026-07-15 22:24:17,129 INFO sqlalchemy.engine.Engine PRAGMA main.table_info("liveness_logs")
2026-07-15 22:24:17,129 INFO sqlalchemy.engine.Engine [raw sql] ()
2026-07-15 22:24:17,129 INFO sqlalchemy.engine.Engine PRAGMA main.table_info("sessions")
2026-07-15 22:24:17,129 INFO sqlalchemy.engine.Engine [raw sql] ()
2026-07-15 22:24:17,130 INFO sqlalchemy.engine.Engine PRAGMA main.table_info("audit_logs")
2026-07-15 22:24:17,130 INFO sqlalchemy.engine.Engine [raw sql] ()
2026-07-15 22:24:17,130 INFO sqlalchemy.engine.Engine PRAGMA main.table_info("notifications")
2026-07-15 22:24:17,130 INFO sqlalchemy.engine.Engine [raw sql] ()
2026-07-15 22:24:17,130 INFO sqlalchemy.engine.Engine PRAGMA main.table_info("system_logs")
2026-07-15 22:24:17,130 INFO sqlalchemy.engine.Engine [raw sql] ()
2026-07-15 22:24:17,130 INFO sqlalchemy.engine.Engine PRAGMA main.table_info("face_embeddings")
2026-07-15 22:24:17,130 INFO sqlalchemy.engine.Engine [raw sql] ()
2026-07-15 22:24:17,130 INFO sqlalchemy.engine.Engine PRAGMA main.table_info("face_profiles")
2026-07-15 22:24:17,130 INFO sqlalchemy.engine.Engine [raw sql] ()
2026-07-15 22:24:17,130 INFO sqlalchemy.engine.Engine PRAGMA main.table_info("face_enrollments")
2026-07-15 22:24:17,130 INFO sqlalchemy.engine.Engine [raw sql] ()
2026-07-15 22:24:17,130 INFO sqlalchemy.engine.Engine COMMIT
2026-07-15 22:24:17,131 INFO sqlalchemy.engine.Engine BEGIN (implicit)
2026-07-15 22:24:17,139 INFO sqlalchemy.engine.Engine SELECT users.id, users.email, users.password_hash, users.full_name, users.role, users.email_verified, users.is_active, users.created_at, users.updated_at, users.last_login 
FROM users 
WHERE users.email = ?
2026-07-15 22:24:17,139 INFO sqlalchemy.engine.Engine [generated in 0.00006s] ('admin@mitraverify.com',)
2026-07-15 22:24:17,139 INFO sqlalchemy.engine.Engine SELECT system_logs.id, system_logs.level, system_logs.message, system_logs.meta_data, system_logs.created_at 
FROM system_logs
 LIMIT ? OFFSET ?
2026-07-15 22:24:17,139 INFO sqlalchemy.engine.Engine [generated in 0.00005s] (1, 0)
2026-07-15 22:24:17,140 INFO sqlalchemy.engine.Engine SELECT audit_logs.id, audit_logs.user_id, audit_logs.action, audit_logs.resource_type, audit_logs.resource_id, audit_logs.meta_data, audit_logs.ip_address, audit_logs.created_at 
FROM audit_logs
 LIMIT ? OFFSET ?
2026-07-15 22:24:17,140 INFO sqlalchemy.engine.Engine [generated in 0.00005s] (1, 0)
2026-07-15 22:24:17,140 INFO sqlalchemy.engine.Engine ROLLBACK
INFO:     Application startup complete.
INFO:     Uvicorn running on http://0.0.0.0:8000 (Press CTRL+C to quit)
INFO:     127.0.0.1:65131 - "GET /api/v1/health HTTP/1.1" 200 OK
INFO:     2406:b400:d5:b344:f939:234d:3e2c:768b:0 - "GET /api/v1/health HTTP/1.1" 200 OK
INFO:     2406:b400:d5:b344:f939:234d:3e2c:768b:0 - "OPTIONS /api/v1/liveness/start HTTP/1.1" 200 OK
2026-07-16 15:55:11,429 INFO sqlalchemy.engine.Engine BEGIN (implicit)
2026-07-16 15:55:11,452 INFO sqlalchemy.engine.Engine SELECT users.id, users.email, users.password_hash, users.full_name, users.role, users.email_verified, users.is_active, users.created_at, users.updated_at, users.last_login 
FROM users 
WHERE users.email = ? AND users.is_active = 1
2026-07-16 15:55:11,453 INFO sqlalchemy.engine.Engine [generated in 0.00218s] ('test@example.com',)
2026-07-16 15:55:11,468 INFO sqlalchemy.engine.Engine ROLLBACK
INFO:     127.0.0.1:62578 - "POST /api/v1/auth/login HTTP/1.1" 401 Unauthorized
